1553453567903	mozrunner::runner	INFO	Running command: "/usr/bin/firefox" "-marionette" "-foreground" "-no-remote" "-profile" "/tmp/rust_mozprofile.2WcHxevRfPpb"
1553453568611	addons.webextension.screenshots@mozilla.org	WARN	Loading extension 'screenshots@mozilla.org': Reading manifest: Invalid extension permission: mozillaAddons
1553453568611	addons.webextension.screenshots@mozilla.org	WARN	Loading extension 'screenshots@mozilla.org': Reading manifest: Invalid extension permission: resource://pdf.js/
1553453568612	addons.webextension.screenshots@mozilla.org	WARN	Loading extension 'screenshots@mozilla.org': Reading manifest: Invalid extension permission: about:reader*
1553453570805	Marionette	INFO	Listening on port 41817
1553453570866	Marionette	WARN	TLS certificate errors will be ignored for this session
JavaScript error: , line 0: uncaught exception: TagError: adsbygoogle.push() error: No slot size for availableWidth=0
1553453588199	mozrunner::runner	INFO	Running command: "/usr/bin/firefox" "-marionette" "-foreground" "-no-remote" "-profile" "/tmp/rust_mozprofile.yS7X5OQNKFdr"
1553453588911	addons.webextension.screenshots@mozilla.org	WARN	Loading extension 'screenshots@mozilla.org': Reading manifest: Invalid extension permission: mozillaAddons
1553453588912	addons.webextension.screenshots@mozilla.org	WARN	Loading extension 'screenshots@mozilla.org': Reading manifest: Invalid extension permission: resource://pdf.js/
1553453588912	addons.webextension.screenshots@mozilla.org	WARN	Loading extension 'screenshots@mozilla.org': Reading manifest: Invalid extension permission: about:reader*
1553453591158	Marionette	INFO	Listening on port 44663
1553453591220	Marionette	WARN	TLS certificate errors will be ignored for this session
JavaScript error: , line 0: uncaught exception: TagError: adsbygoogle.push() error: No slot size for availableWidth=0
1553453617353	mozrunner::runner	INFO	Running command: "/usr/bin/firefox" "-marionette" "-foreground" "-no-remote" "-profile" "/tmp/rust_mozprofile.tHTW8Qjs0aQr"
1553453618056	addons.webextension.screenshots@mozilla.org	WARN	Loading extension 'screenshots@mozilla.org': Reading manifest: Invalid extension permission: mozillaAddons
1553453618057	addons.webextension.screenshots@mozilla.org	WARN	Loading extension 'screenshots@mozilla.org': Reading manifest: Invalid extension permission: resource://pdf.js/
1553453618057	addons.webextension.screenshots@mozilla.org	WARN	Loading extension 'screenshots@mozilla.org': Reading manifest: Invalid extension permission: about:reader*
1553453620754	Marionette	INFO	Listening on port 38375
1553453620797	Marionette	WARN	TLS certificate errors will be ignored for this session
JavaScript error: , line 0: uncaught exception: TagError: adsbygoogle.push() error: No slot size for availableWidth=0
[Parent 10995, Gecko_IOThread] WARNING: pipe error (112): Соединение разорвано другой стороной: file /build/firefox-daPcGs/firefox-66.0+build3/ipc/chromium/src/chrome/common/ipc_channel_posix.cc, line 357
1553453639884	Marionette	INFO	Stopped listening on port 38375
[Parent 10723, Gecko_IOThread] WARNING: pipe error (79): Соединение разорвано другой стороной: file /build/firefox-daPcGs/firefox-66.0+build3/ipc/chromium/src/chrome/common/ipc_channel_posix.cc, line 357
[Parent 10723, Gecko_IOThread] WARNING: pipe error (96): Соединение разорвано другой стороной: file /build/firefox-daPcGs/firefox-66.0+build3/ipc/chromium/src/chrome/common/ipc_channel_posix.cc, line 357
[Parent 10723, Gecko_IOThread] WARNING: pipe error (123): Соединение разорвано другой стороной: file /build/firefox-daPcGs/firefox-66.0+build3/ipc/chromium/src/chrome/common/ipc_channel_posix.cc, line 357
1553453644196	Marionette	INFO	Stopped listening on port 44663
[Parent 10476, Gecko_IOThread] WARNING: pipe error (62): Соединение разорвано другой стороной: file /build/firefox-daPcGs/firefox-66.0+build3/ipc/chromium/src/chrome/common/ipc_channel_posix.cc, line 357
[Parent 10476, Gecko_IOThread] WARNING: pipe error (79): Соединение разорвано другой стороной: file /build/firefox-daPcGs/firefox-66.0+build3/ipc/chromium/src/chrome/common/ipc_channel_posix.cc, line 357
1553453645250	Marionette	INFO	Stopped listening on port 41817
1553453660113	mozrunner::runner	INFO	Running command: "/usr/bin/firefox" "-marionette" "-foreground" "-no-remote" "-profile" "/tmp/rust_mozprofile.lo2FrqFsIZZG"
1553453660809	addons.webextension.screenshots@mozilla.org	WARN	Loading extension 'screenshots@mozilla.org': Reading manifest: Invalid extension permission: mozillaAddons
1553453660810	addons.webextension.screenshots@mozilla.org	WARN	Loading extension 'screenshots@mozilla.org': Reading manifest: Invalid extension permission: resource://pdf.js/
1553453660810	addons.webextension.screenshots@mozilla.org	WARN	Loading extension 'screenshots@mozilla.org': Reading manifest: Invalid extension permission: about:reader*
1553453663162	Marionette	INFO	Listening on port 45093
1553453663251	Marionette	WARN	TLS certificate errors will be ignored for this session
JavaScript error: , line 0: uncaught exception: TagError: adsbygoogle.push() error: No slot size for availableWidth=0
1553453729204	mozrunner::runner	INFO	Running command: "/usr/bin/firefox" "-marionette" "-foreground" "-no-remote" "-profile" "/tmp/rust_mozprofile.irmBmEPV5Wat"
1553453729906	addons.webextension.screenshots@mozilla.org	WARN	Loading extension 'screenshots@mozilla.org': Reading manifest: Invalid extension permission: mozillaAddons
1553453729907	addons.webextension.screenshots@mozilla.org	WARN	Loading extension 'screenshots@mozilla.org': Reading manifest: Invalid extension permission: resource://pdf.js/
1553453729907	addons.webextension.screenshots@mozilla.org	WARN	Loading extension 'screenshots@mozilla.org': Reading manifest: Invalid extension permission: about:reader*
1553453732266	Marionette	INFO	Listening on port 44103
1553453732356	Marionette	WARN	TLS certificate errors will be ignored for this session
JavaScript error: , line 0: uncaught exception: TagError: adsbygoogle.push() error: No slot size for availableWidth=0
[Parent 11556, Gecko_IOThread] WARNING: pipe error (62): Соединение разорвано другой стороной: file /build/firefox-daPcGs/firefox-66.0+build3/ipc/chromium/src/chrome/common/ipc_channel_posix.cc, line 357
1553453758144	Marionette	INFO	Stopped listening on port 44103
[Parent 11281, Gecko_IOThread] WARNING: pipe error (79): Соединение разорвано другой стороной: file /build/firefox-daPcGs/firefox-66.0+build3/ipc/chromium/src/chrome/common/ipc_channel_posix.cc, line 357
[Parent 11281, Gecko_IOThread] WARNING: pipe error (106): Соединение разорвано другой стороной: file /build/firefox-daPcGs/firefox-66.0+build3/ipc/chromium/src/chrome/common/ipc_channel_posix.cc, line 357
1553454015344	Marionette	INFO	Stopped listening on port 45093
