1553441297820	mozrunner::runner	INFO	Running command: "/usr/bin/firefox" "-marionette" "-foreground" "-no-remote" "-profile" "/tmp/rust_mozprofile.QhLJTHq5JIQ0"
1553441299121	addons.webextension.screenshots@mozilla.org	WARN	Loading extension 'screenshots@mozilla.org': Reading manifest: Invalid extension permission: mozillaAddons
1553441299122	addons.webextension.screenshots@mozilla.org	WARN	Loading extension 'screenshots@mozilla.org': Reading manifest: Invalid extension permission: resource://pdf.js/
1553441299122	addons.webextension.screenshots@mozilla.org	WARN	Loading extension 'screenshots@mozilla.org': Reading manifest: Invalid extension permission: about:reader*
1553441302052	Marionette	INFO	Listening on port 40209
1553441302139	Marionette	WARN	TLS certificate errors will be ignored for this session
JavaScript error: http://inventwithpython.com/js/bootstrap.min.js, line 7: Error: Bootstrap tooltips require Tether (http://tether.io/)
console.error: BroadcastService: 
  receivedBroadcastMessage: handler for
  remote-settings/monitor_changes
  threw error:
  Message: Error: Polling for changes failed: NetworkError when attempting to fetch resource..
  Stack:
    remoteSettingsFunction/remoteSettings.pollChanges@resource://services-settings/remote-settings.js:190:13


(/usr/lib/firefox/firefox:6045): dconf-WARNING **: 20:39:19.997: Unable to open /var/lib/snapd/desktop/dconf/profile/user: Отказано в доступе
1553451450192	mozrunner::runner	INFO	Running command: "/usr/bin/firefox" "-marionette" "-foreground" "-no-remote" "-profile" "/tmp/rust_mozprofile.vuXUguOHHzQX"
1553451450917	addons.webextension.screenshots@mozilla.org	WARN	Loading extension 'screenshots@mozilla.org': Reading manifest: Invalid extension permission: mozillaAddons
1553451450918	addons.webextension.screenshots@mozilla.org	WARN	Loading extension 'screenshots@mozilla.org': Reading manifest: Invalid extension permission: resource://pdf.js/
1553451450918	addons.webextension.screenshots@mozilla.org	WARN	Loading extension 'screenshots@mozilla.org': Reading manifest: Invalid extension permission: about:reader*
1553451453338	Marionette	INFO	Listening on port 45421
1553451453416	Marionette	WARN	TLS certificate errors will be ignored for this session
JavaScript error: resource://devtools/client/shared/telemetry.js, line 652: TypeError: event is undefined
[Parent 5920, Gecko_IOThread] WARNING: pipe error (93): Соединение разорвано другой стороной: file /build/firefox-daPcGs/firefox-66.0+build3/ipc/chromium/src/chrome/common/ipc_channel_posix.cc, line 357
[Parent 5920, Gecko_IOThread] WARNING: pipe error (79): Соединение разорвано другой стороной: file /build/firefox-daPcGs/firefox-66.0+build3/ipc/chromium/src/chrome/common/ipc_channel_posix.cc, line 357
1553451462389	Marionette	INFO	Stopped listening on port 40209
JavaScript warning: https://ajax.googleapis.com/ajax/libs/jquery/1.10.2/jquery.min.js, line 2: Using //@ to indicate sourceMappingURL pragmas is deprecated. Use //# instead
console.error: BroadcastService: 
  receivedBroadcastMessage: handler for
  remote-settings/monitor_changes
  threw error:
  Message: Error: Polling for changes failed: NetworkError when attempting to fetch resource..
  Stack:
    remoteSettingsFunction/remoteSettings.pollChanges@resource://services-settings/remote-settings.js:190:13

